<component name="libraryTable">
  <library name="JUnit4AddOn">
    <CLASSES>
      <root url="jar://$USER_HOME$/Downloads/JUnit4AddOn.jar!/" />
    </CLASSES>
    <JAVADOC />
    <SOURCES />
  </library>
</component>